<?xml version="1.0" encoding="UTF-8"?>
<testng-results skipped="0" failed="0" ignored="0" total="1" passed="1">
  <reporter-output>
  </reporter-output>
  <suite name="Default suite" duration-ms="94789" started-at="2018-09-23T04:30:07Z" finished-at="2018-09-23T04:31:42Z">
    <groups>
    </groups>
    <test name="Default test" duration-ms="94789" started-at="2018-09-23T04:30:07Z" finished-at="2018-09-23T04:31:42Z">
      <class name="test2019.PomTest">
        <test-method status="PASS" signature="before()[pri:0, instance:test2019.PomTest@57baeedf]" name="before" is-config="true" duration-ms="9416" started-at="2018-09-23T12:30:07Z" finished-at="2018-09-23T12:30:16Z">
          <reporter-output>
          </reporter-output>
        </test-method> <!-- before -->
        <test-method status="PASS" signature="cahTest()[pri:0, instance:test2019.PomTest@57baeedf]" name="cahTest" duration-ms="24285" started-at="2018-09-23T12:30:16Z" finished-at="2018-09-23T12:30:40Z">
          <reporter-output>
          </reporter-output>
        </test-method> <!-- cahTest -->
        <test-method status="PASS" signature="qiut()[pri:0, instance:test2019.PomTest@57baeedf]" name="qiut" is-config="true" duration-ms="61069" started-at="2018-09-23T12:30:40Z" finished-at="2018-09-23T12:31:42Z">
          <reporter-output>
          </reporter-output>
        </test-method> <!-- qiut -->
      </class> <!-- test2019.PomTest -->
    </test> <!-- Default test -->
  </suite> <!-- Default suite -->
</testng-results>
